{"stats":{"suites":2,"tests":3,"passes":0,"pending":0,"failures":3,"start":"2018-08-18T15:36:46.618Z","end":"2018-08-18T15:37:29.736Z","duration":43118,"testsRegistered":3,"passPercent":0,"pendingPercent":0,"other":0,"hasOther":false,"skipped":0,"hasSkipped":false,"passPercentClass":"success","pendingPercentClass":"danger"},"suites":{"title":"","suites":[{"title":"checking-cards (chrome)","suites":[],"tests":[{"title":"consider the number of cards","fullTitle":"consider the number of cards","timedOut":false,"duration":8723,"speed":"fast","pass":false,"fail":true,"pending":false,"code":"","isRoot":false,"uuid":"2e68085c-8469-4d35-9bb7-8ffc05930253","parentUUID":"4678c620-c794-46db-af75-8337bf7092b4","skipped":false,"isHook":false,"context":"[{\"title\":\"Session Id\",\"value\":\"84f3a1c73541a408cdf6d37d1b394685\"}]","state":"failed","err":{"name":"NoSuchElement","message":"An element could not be located on the page using the given search parameters.","estack":"Error: An element could not be located on the page using the given search parameters.\n    at moveToObject(\".gridcontainer .grid_l_3:nth-child(29)\", 0, 200) -     at C:\\webdriverIO-with-mochaBDD-master\\node_modules\\wdio-sync\\build\\at element(\".gridcontainer .grid_l_3:nth-child(29)\") - C:\\webdriverIO-with-mochaBDD-master\\node_modules\\webdriverio\\build\\lib\\commands\\moveToObject.js:47:17","stack":"Error: An element could not be located on the page using the given search parameters.\n    at moveToObject(\".gridcontainer .grid_l_3:nth-child(29)\", 0, 200) -     at C:\\webdriverIO-with-mochaBDD-master\\node_modules\\wdio-sync\\build\\at element(\".gridcontainer .grid_l_3:nth-child(29)\") - C:\\webdriverIO-with-mochaBDD-master\\node_modules\\webdriverio\\build\\lib\\commands\\moveToObject.js:47:17"}},{"title":"consider the number of cards list","fullTitle":"consider the number of cards list","timedOut":false,"duration":554,"speed":"fast","pass":false,"fail":true,"pending":false,"code":"","isRoot":false,"uuid":"1020da2d-a216-4ad7-adf4-1bc21246e235","parentUUID":"4678c620-c794-46db-af75-8337bf7092b4","skipped":false,"isHook":false,"context":"[{\"title\":\"Session Id\",\"value\":\"84f3a1c73541a408cdf6d37d1b394685\"}]","state":"failed","err":{"name":"RuntimeError","message":"unknown error: Element <span class=\"toggle_switch__state\"></span> is not clickable at point (1244, 14). Other element would receive the click: <div class=\"avn003_action-list\">...</div>","estack":"Error: An unknown server-side error occurred while processing the command.\n    at elementIdClick(\"0.9560571306733179-66\") - C:\\webdriverIO-with-mochaBDD-master\\node_modules\\webdriverio\\build\\lib\\commands\\click.js:20:22","stack":"Error: An unknown server-side error occurred while processing the command.\n    at elementIdClick(\"0.9560571306733179-66\") - C:\\webdriverIO-with-mochaBDD-master\\node_modules\\webdriverio\\build\\lib\\commands\\click.js:20:22"}}],"pending":[],"root":false,"fullFile":"","file":"","passes":[],"failures":[{"title":"consider the number of cards","fullTitle":"consider the number of cards","timedOut":false,"duration":8723,"speed":"fast","pass":false,"fail":true,"pending":false,"code":"","isRoot":false,"uuid":"2e68085c-8469-4d35-9bb7-8ffc05930253","parentUUID":"4678c620-c794-46db-af75-8337bf7092b4","skipped":false,"isHook":false,"context":"[{\"title\":\"Session Id\",\"value\":\"84f3a1c73541a408cdf6d37d1b394685\"}]","state":"failed","err":{"name":"NoSuchElement","message":"An element could not be located on the page using the given search parameters.","estack":"Error: An element could not be located on the page using the given search parameters.\n    at moveToObject(\".gridcontainer .grid_l_3:nth-child(29)\", 0, 200) -     at C:\\webdriverIO-with-mochaBDD-master\\node_modules\\wdio-sync\\build\\at element(\".gridcontainer .grid_l_3:nth-child(29)\") - C:\\webdriverIO-with-mochaBDD-master\\node_modules\\webdriverio\\build\\lib\\commands\\moveToObject.js:47:17","stack":"Error: An element could not be located on the page using the given search parameters.\n    at moveToObject(\".gridcontainer .grid_l_3:nth-child(29)\", 0, 200) -     at C:\\webdriverIO-with-mochaBDD-master\\node_modules\\wdio-sync\\build\\at element(\".gridcontainer .grid_l_3:nth-child(29)\") - C:\\webdriverIO-with-mochaBDD-master\\node_modules\\webdriverio\\build\\lib\\commands\\moveToObject.js:47:17"}},{"title":"consider the number of cards list","fullTitle":"consider the number of cards list","timedOut":false,"duration":554,"speed":"fast","pass":false,"fail":true,"pending":false,"code":"","isRoot":false,"uuid":"1020da2d-a216-4ad7-adf4-1bc21246e235","parentUUID":"4678c620-c794-46db-af75-8337bf7092b4","skipped":false,"isHook":false,"context":"[{\"title\":\"Session Id\",\"value\":\"84f3a1c73541a408cdf6d37d1b394685\"}]","state":"failed","err":{"name":"RuntimeError","message":"unknown error: Element <span class=\"toggle_switch__state\"></span> is not clickable at point (1244, 14). Other element would receive the click: <div class=\"avn003_action-list\">...</div>","estack":"Error: An unknown server-side error occurred while processing the command.\n    at elementIdClick(\"0.9560571306733179-66\") - C:\\webdriverIO-with-mochaBDD-master\\node_modules\\webdriverio\\build\\lib\\commands\\click.js:20:22","stack":"Error: An unknown server-side error occurred while processing the command.\n    at elementIdClick(\"0.9560571306733179-66\") - C:\\webdriverIO-with-mochaBDD-master\\node_modules\\webdriverio\\build\\lib\\commands\\click.js:20:22"}}],"skipped":[],"hasTests":true,"hasSuites":false,"totalTests":2,"totalPasses":0,"totalFailures":2,"totalPending":0,"totalSkipped":0,"hasPasses":false,"hasFailures":true,"hasPending":false,"hasSkipped":false,"duration":14997,"_timeout":0,"uuid":"4678c620-c794-46db-af75-8337bf7092b4","hasBeforeHooks":false,"beforeHooks":[],"hasAfterHooks":false,"afterHooks":[]},{"title":"signUp (chrome)","suites":[],"tests":[{"title":"\"before all\" hook","fullTitle":"\"before all\" hook","timedOut":false,"duration":0,"speed":"fast","pass":false,"fail":true,"pending":false,"code":"","isRoot":false,"uuid":"33fdbb50-5a47-4835-ba58-3a301a516ef4","parentUUID":"488be39f-0611-40bc-95fb-dcdc0c63f4b5","skipped":false,"isHook":false,"context":"[{\"title\":\"Session Id\",\"value\":\"de2ce145be9ad831f9e3f1d6f86f3293\"}]","state":"failed","err":{"name":"WaitUntilTimeoutError","message":"element (\".avn008_overlay\") still not visible after 10000ms","estack":"Error: element (\".avn008_overlay\") still not visible after 10000ms\n    at elements(\".avn008_overlay\") - C:\\webdriverIO-with-mochaBDD-master\\node_modules\\webdriverio\\build\\lib\\commands\\isVisible.js:54:17\n    at isVisible(\".avn008_overlay\") - C:\\webdriverIO-with-mochaBDD-master\\node_modules\\webdriverio\\build\\lib\\commands\\waitForVisible.js:73:22","stack":"Error: element (\".avn008_overlay\") still not visible after 10000ms\n    at elements(\".avn008_overlay\") - C:\\webdriverIO-with-mochaBDD-master\\node_modules\\webdriverio\\build\\lib\\commands\\isVisible.js:54:17\n    at isVisible(\".avn008_overlay\") - C:\\webdriverIO-with-mochaBDD-master\\node_modules\\webdriverio\\build\\lib\\commands\\waitForVisible.js:73:22"}}],"pending":[],"root":false,"fullFile":"","file":"","passes":[],"failures":[{"title":"\"before all\" hook","fullTitle":"\"before all\" hook","timedOut":false,"duration":0,"speed":"fast","pass":false,"fail":true,"pending":false,"code":"","isRoot":false,"uuid":"33fdbb50-5a47-4835-ba58-3a301a516ef4","parentUUID":"488be39f-0611-40bc-95fb-dcdc0c63f4b5","skipped":false,"isHook":false,"context":"[{\"title\":\"Session Id\",\"value\":\"de2ce145be9ad831f9e3f1d6f86f3293\"}]","state":"failed","err":{"name":"WaitUntilTimeoutError","message":"element (\".avn008_overlay\") still not visible after 10000ms","estack":"Error: element (\".avn008_overlay\") still not visible after 10000ms\n    at elements(\".avn008_overlay\") - C:\\webdriverIO-with-mochaBDD-master\\node_modules\\webdriverio\\build\\lib\\commands\\isVisible.js:54:17\n    at isVisible(\".avn008_overlay\") - C:\\webdriverIO-with-mochaBDD-master\\node_modules\\webdriverio\\build\\lib\\commands\\waitForVisible.js:73:22","stack":"Error: element (\".avn008_overlay\") still not visible after 10000ms\n    at elements(\".avn008_overlay\") - C:\\webdriverIO-with-mochaBDD-master\\node_modules\\webdriverio\\build\\lib\\commands\\isVisible.js:54:17\n    at isVisible(\".avn008_overlay\") - C:\\webdriverIO-with-mochaBDD-master\\node_modules\\webdriverio\\build\\lib\\commands\\waitForVisible.js:73:22"}}],"skipped":[],"hasTests":true,"hasSuites":false,"totalTests":1,"totalPasses":0,"totalFailures":1,"totalPending":0,"totalSkipped":0,"hasPasses":false,"hasFailures":true,"hasPending":false,"hasSkipped":false,"duration":15009,"_timeout":0,"uuid":"488be39f-0611-40bc-95fb-dcdc0c63f4b5","hasBeforeHooks":false,"beforeHooks":[],"hasAfterHooks":false,"afterHooks":[]}],"tests":[],"pending":[],"root":true,"fullFile":"","file":"","passes":[],"failures":[],"skipped":[],"hasTests":false,"hasSuites":true,"totalTests":0,"totalPasses":0,"totalFailures":0,"totalPending":0,"totalSkipped":0,"hasPasses":false,"hasFailures":false,"hasPending":false,"hasSkipped":false,"duration":0,"_timeout":0,"uuid":"1dae9f04-9980-4670-9e55-710581bd2a8d","hasBeforeHooks":false,"beforeHooks":[],"hasAfterHooks":false,"afterHooks":[]},"allTests":[{"title":"consider the number of cards","fullTitle":"consider the number of cards","timedOut":false,"duration":8723,"speed":"fast","pass":false,"fail":true,"pending":false,"code":"","isRoot":false,"uuid":"2e68085c-8469-4d35-9bb7-8ffc05930253","parentUUID":"4678c620-c794-46db-af75-8337bf7092b4","skipped":false,"isHook":false,"context":"[{\"title\":\"Session Id\",\"value\":\"84f3a1c73541a408cdf6d37d1b394685\"}]","state":"failed","err":{"name":"NoSuchElement","message":"An element could not be located on the page using the given search parameters.","estack":"Error: An element could not be located on the page using the given search parameters.\n    at moveToObject(\".gridcontainer .grid_l_3:nth-child(29)\", 0, 200) -     at C:\\webdriverIO-with-mochaBDD-master\\node_modules\\wdio-sync\\build\\at element(\".gridcontainer .grid_l_3:nth-child(29)\") - C:\\webdriverIO-with-mochaBDD-master\\node_modules\\webdriverio\\build\\lib\\commands\\moveToObject.js:47:17","stack":"Error: An element could not be located on the page using the given search parameters.\n    at moveToObject(\".gridcontainer .grid_l_3:nth-child(29)\", 0, 200) -     at C:\\webdriverIO-with-mochaBDD-master\\node_modules\\wdio-sync\\build\\at element(\".gridcontainer .grid_l_3:nth-child(29)\") - C:\\webdriverIO-with-mochaBDD-master\\node_modules\\webdriverio\\build\\lib\\commands\\moveToObject.js:47:17"}},{"title":"consider the number of cards list","fullTitle":"consider the number of cards list","timedOut":false,"duration":554,"speed":"fast","pass":false,"fail":true,"pending":false,"code":"","isRoot":false,"uuid":"1020da2d-a216-4ad7-adf4-1bc21246e235","parentUUID":"4678c620-c794-46db-af75-8337bf7092b4","skipped":false,"isHook":false,"context":"[{\"title\":\"Session Id\",\"value\":\"84f3a1c73541a408cdf6d37d1b394685\"}]","state":"failed","err":{"name":"RuntimeError","message":"unknown error: Element <span class=\"toggle_switch__state\"></span> is not clickable at point (1244, 14). Other element would receive the click: <div class=\"avn003_action-list\">...</div>","estack":"Error: An unknown server-side error occurred while processing the command.\n    at elementIdClick(\"0.9560571306733179-66\") - C:\\webdriverIO-with-mochaBDD-master\\node_modules\\webdriverio\\build\\lib\\commands\\click.js:20:22","stack":"Error: An unknown server-side error occurred while processing the command.\n    at elementIdClick(\"0.9560571306733179-66\") - C:\\webdriverIO-with-mochaBDD-master\\node_modules\\webdriverio\\build\\lib\\commands\\click.js:20:22"}},{"title":"\"before all\" hook","fullTitle":"\"before all\" hook","timedOut":false,"duration":0,"speed":"fast","pass":false,"fail":true,"pending":false,"code":"","isRoot":false,"uuid":"33fdbb50-5a47-4835-ba58-3a301a516ef4","parentUUID":"488be39f-0611-40bc-95fb-dcdc0c63f4b5","skipped":false,"isHook":false,"context":"[{\"title\":\"Session Id\",\"value\":\"de2ce145be9ad831f9e3f1d6f86f3293\"}]","state":"failed","err":{"name":"WaitUntilTimeoutError","message":"element (\".avn008_overlay\") still not visible after 10000ms","estack":"Error: element (\".avn008_overlay\") still not visible after 10000ms\n    at elements(\".avn008_overlay\") - C:\\webdriverIO-with-mochaBDD-master\\node_modules\\webdriverio\\build\\lib\\commands\\isVisible.js:54:17\n    at isVisible(\".avn008_overlay\") - C:\\webdriverIO-with-mochaBDD-master\\node_modules\\webdriverio\\build\\lib\\commands\\waitForVisible.js:73:22","stack":"Error: element (\".avn008_overlay\") still not visible after 10000ms\n    at elements(\".avn008_overlay\") - C:\\webdriverIO-with-mochaBDD-master\\node_modules\\webdriverio\\build\\lib\\commands\\isVisible.js:54:17\n    at isVisible(\".avn008_overlay\") - C:\\webdriverIO-with-mochaBDD-master\\node_modules\\webdriverio\\build\\lib\\commands\\waitForVisible.js:73:22"}}],"allPending":[],"allPasses":[],"allFailures":[{"title":"consider the number of cards","fullTitle":"consider the number of cards","timedOut":false,"duration":8723,"speed":"fast","pass":false,"fail":true,"pending":false,"code":"","isRoot":false,"uuid":"2e68085c-8469-4d35-9bb7-8ffc05930253","parentUUID":"4678c620-c794-46db-af75-8337bf7092b4","skipped":false,"isHook":false,"context":"[{\"title\":\"Session Id\",\"value\":\"84f3a1c73541a408cdf6d37d1b394685\"}]","state":"failed","err":{"name":"NoSuchElement","message":"An element could not be located on the page using the given search parameters.","estack":"Error: An element could not be located on the page using the given search parameters.\n    at moveToObject(\".gridcontainer .grid_l_3:nth-child(29)\", 0, 200) -     at C:\\webdriverIO-with-mochaBDD-master\\node_modules\\wdio-sync\\build\\at element(\".gridcontainer .grid_l_3:nth-child(29)\") - C:\\webdriverIO-with-mochaBDD-master\\node_modules\\webdriverio\\build\\lib\\commands\\moveToObject.js:47:17","stack":"Error: An element could not be located on the page using the given search parameters.\n    at moveToObject(\".gridcontainer .grid_l_3:nth-child(29)\", 0, 200) -     at C:\\webdriverIO-with-mochaBDD-master\\node_modules\\wdio-sync\\build\\at element(\".gridcontainer .grid_l_3:nth-child(29)\") - C:\\webdriverIO-with-mochaBDD-master\\node_modules\\webdriverio\\build\\lib\\commands\\moveToObject.js:47:17"}},{"title":"consider the number of cards list","fullTitle":"consider the number of cards list","timedOut":false,"duration":554,"speed":"fast","pass":false,"fail":true,"pending":false,"code":"","isRoot":false,"uuid":"1020da2d-a216-4ad7-adf4-1bc21246e235","parentUUID":"4678c620-c794-46db-af75-8337bf7092b4","skipped":false,"isHook":false,"context":"[{\"title\":\"Session Id\",\"value\":\"84f3a1c73541a408cdf6d37d1b394685\"}]","state":"failed","err":{"name":"RuntimeError","message":"unknown error: Element <span class=\"toggle_switch__state\"></span> is not clickable at point (1244, 14). Other element would receive the click: <div class=\"avn003_action-list\">...</div>","estack":"Error: An unknown server-side error occurred while processing the command.\n    at elementIdClick(\"0.9560571306733179-66\") - C:\\webdriverIO-with-mochaBDD-master\\node_modules\\webdriverio\\build\\lib\\commands\\click.js:20:22","stack":"Error: An unknown server-side error occurred while processing the command.\n    at elementIdClick(\"0.9560571306733179-66\") - C:\\webdriverIO-with-mochaBDD-master\\node_modules\\webdriverio\\build\\lib\\commands\\click.js:20:22"}},{"title":"\"before all\" hook","fullTitle":"\"before all\" hook","timedOut":false,"duration":0,"speed":"fast","pass":false,"fail":true,"pending":false,"code":"","isRoot":false,"uuid":"33fdbb50-5a47-4835-ba58-3a301a516ef4","parentUUID":"488be39f-0611-40bc-95fb-dcdc0c63f4b5","skipped":false,"isHook":false,"context":"[{\"title\":\"Session Id\",\"value\":\"de2ce145be9ad831f9e3f1d6f86f3293\"}]","state":"failed","err":{"name":"WaitUntilTimeoutError","message":"element (\".avn008_overlay\") still not visible after 10000ms","estack":"Error: element (\".avn008_overlay\") still not visible after 10000ms\n    at elements(\".avn008_overlay\") - C:\\webdriverIO-with-mochaBDD-master\\node_modules\\webdriverio\\build\\lib\\commands\\isVisible.js:54:17\n    at isVisible(\".avn008_overlay\") - C:\\webdriverIO-with-mochaBDD-master\\node_modules\\webdriverio\\build\\lib\\commands\\waitForVisible.js:73:22","stack":"Error: element (\".avn008_overlay\") still not visible after 10000ms\n    at elements(\".avn008_overlay\") - C:\\webdriverIO-with-mochaBDD-master\\node_modules\\webdriverio\\build\\lib\\commands\\isVisible.js:54:17\n    at isVisible(\".avn008_overlay\") - C:\\webdriverIO-with-mochaBDD-master\\node_modules\\webdriverio\\build\\lib\\commands\\waitForVisible.js:73:22"}}],"copyrightYear":2018}